<component name="ProjectRunConfigurationManager">
  <configuration default="false" name="JUnit: All" type="JUnit" factoryName="JUnit">
    <module name="gilded-rose.test" />
    <useClassPathOnly />
    <option name="PACKAGE_NAME" value="guru.drako.examples.gildedrose" />
    <option name="MAIN_CLASS_NAME" value="" />
    <option name="METHOD_NAME" value="" />
    <option name="TEST_OBJECT" value="package" />
    <option name="PARAMETERS" value="" />
    <method v="2">
      <option name="Make" enabled="true" />
      <option name="BSP.BeforeRunTask" enabled="true" />
    </method>
  </configuration>
</component>